{"C:/ag-workspace/mesh-arkade/src/Welcome.tsx": {"path":"C:/ag-workspace/mesh-arkade/src/Welcome.tsx","statementMap":{"0":{"start":{"line":11,"column":25},"end":{"line":11,"column":null}},"1":{"start":{"line":13,"column":2},"end":{"line":37,"column":null}}},"fnMap":{"0":{"name":"DiscoveryDeck","decl":{"start":{"line":10,"column":16},"end":{"line":10,"column":32}},"loc":{"start":{"line":10,"column":32},"end":{"line":39,"column":null}}}},"branchMap":{},"s":{"0":2,"1":2},"f":{"0":2},"b":{}}
,"C:/ag-workspace/mesh-arkade/src/math.ts": {"path":"C:/ag-workspace/mesh-arkade/src/math.ts","statementMap":{"0":{"start":{"line":10,"column":2},"end":{"line":10,"column":null}}},"fnMap":{"0":{"name":"sum","decl":{"start":{"line":9,"column":16},"end":{"line":9,"column":20}},"loc":{"start":{"line":9,"column":50},"end":{"line":11,"column":null}}}},"branchMap":{},"s":{"0":4},"f":{"0":4},"b":{}}
,"C:/ag-workspace/mesh-arkade/src/core/branding.ts": {"path":"C:/ag-workspace/mesh-arkade/src/core/branding.ts","statementMap":{"0":{"start":{"line":12,"column":23},"end":{"line":12,"column":null}},"1":{"start":{"line":20,"column":24},"end":{"line":24,"column":null}},"2":{"start":{"line":41,"column":26},"end":{"line":48,"column":null}},"3":{"start":{"line":42,"column":14},"end":{"line":42,"column":null}},"4":{"start":{"line":44,"column":4},"end":{"line":46,"column":null}},"5":{"start":{"line":47,"column":2},"end":{"line":47,"column":null}},"6":{"start":{"line":56,"column":26},"end":{"line":62,"column":null}},"7":{"start":{"line":72,"column":17},"end":{"line":72,"column":null}},"8":{"start":{"line":82,"column":29},"end":{"line":89,"column":null}},"9":{"start":{"line":83,"column":14},"end":{"line":83,"column":null}},"10":{"start":{"line":85,"column":4},"end":{"line":87,"column":null}},"11":{"start":{"line":88,"column":2},"end":{"line":88,"column":null}},"12":{"start":{"line":97,"column":24},"end":{"line":115,"column":null}},"13":{"start":{"line":123,"column":22},"end":{"line":123,"column":null}},"14":{"start":{"line":138,"column":26},"end":{"line":138,"column":null}},"15":{"start":{"line":145,"column":23},"end":{"line":145,"column":null}}},"fnMap":{"0":{"name":"(anonymous_0)","decl":{"start":{"line":41,"column":26},"end":{"line":41,"column":27}},"loc":{"start":{"line":41,"column":53},"end":{"line":48,"column":null}}},"1":{"name":"(anonymous_1)","decl":{"start":{"line":82,"column":29},"end":{"line":82,"column":30}},"loc":{"start":{"line":82,"column":56},"end":{"line":89,"column":null}}}},"branchMap":{"0":{"loc":{"start":{"line":44,"column":4},"end":{"line":46,"column":null}},"type":"cond-expr","locations":[{"start":{"line":44,"column":13},"end":{"line":45,"column":null}},{"start":{"line":46,"column":8},"end":{"line":46,"column":null}}]},"1":{"loc":{"start":{"line":85,"column":4},"end":{"line":87,"column":null}},"type":"cond-expr","locations":[{"start":{"line":85,"column":13},"end":{"line":86,"column":null}},{"start":{"line":87,"column":8},"end":{"line":87,"column":null}}]}},"s":{"0":2,"1":2,"2":2,"3":9,"4":9,"5":9,"6":2,"7":2,"8":2,"9":7,"10":7,"11":7,"12":2,"13":2,"14":2,"15":2},"f":{"0":9,"1":7},"b":{"0":[3,6],"1":[1,6]}}
,"C:/ag-workspace/mesh-arkade/src/core/curator.ts": {"path":"C:/ag-workspace/mesh-arkade/src/core/curator.ts","statementMap":{"0":{"start":{"line":16,"column":23},"end":{"line":56,"column":null}},"1":{"start":{"line":59,"column":2},"end":{"line":64,"column":null}},"2":{"start":{"line":60,"column":18},"end":{"line":60,"column":null}},"3":{"start":{"line":61,"column":4},"end":{"line":61,"column":null}},"4":{"start":{"line":63,"column":4},"end":{"line":63,"column":null}},"5":{"start":{"line":68,"column":18},"end":{"line":68,"column":null}},"6":{"start":{"line":69,"column":2},"end":{"line":74,"column":null}},"7":{"start":{"line":70,"column":4},"end":{"line":70,"column":null}},"8":{"start":{"line":71,"column":4},"end":{"line":71,"column":null}},"9":{"start":{"line":73,"column":4},"end":{"line":73,"column":null}},"10":{"start":{"line":78,"column":18},"end":{"line":78,"column":null}},"11":{"start":{"line":79,"column":2},"end":{"line":79,"column":null}},"12":{"start":{"line":83,"column":2},"end":{"line":105,"column":null}},"13":{"start":{"line":84,"column":16},"end":{"line":84,"column":null}},"14":{"start":{"line":86,"column":22},"end":{"line":86,"column":null}},"15":{"start":{"line":87,"column":6},"end":{"line":99,"column":null}},"16":{"start":{"line":88,"column":25},"end":{"line":88,"column":null}},"17":{"start":{"line":89,"column":8},"end":{"line":98,"column":null}},"18":{"start":{"line":90,"column":22},"end":{"line":92,"column":null}},"19":{"start":{"line":93,"column":10},"end":{"line":95,"column":null}},"20":{"start":{"line":94,"column":12},"end":{"line":94,"column":null}},"21":{"start":{"line":96,"column":8},"end":{"line":98,"column":null}},"22":{"start":{"line":97,"column":10},"end":{"line":97,"column":null}},"23":{"start":{"line":101,"column":4},"end":{"line":101,"column":null}},"24":{"start":{"line":102,"column":4},"end":{"line":102,"column":null}},"25":{"start":{"line":104,"column":4},"end":{"line":104,"column":null}},"26":{"start":{"line":122,"column":4},"end":{"line":124,"column":null}},"27":{"start":{"line":123,"column":6},"end":{"line":123,"column":null}},"28":{"start":{"line":126,"column":19},"end":{"line":126,"column":null}},"29":{"start":{"line":127,"column":21},"end":{"line":127,"column":null}},"30":{"start":{"line":127,"column":40},"end":{"line":127,"column":55}},"31":{"start":{"line":128,"column":4},"end":{"line":132,"column":null}},"32":{"start":{"line":129,"column":6},"end":{"line":131,"column":null}},"33":{"start":{"line":130,"column":8},"end":{"line":130,"column":null}},"34":{"start":{"line":134,"column":22},"end":{"line":134,"column":null}},"35":{"start":{"line":135,"column":4},"end":{"line":137,"column":null}},"36":{"start":{"line":136,"column":6},"end":{"line":136,"column":null}},"37":{"start":{"line":139,"column":22},"end":{"line":139,"column":null}},"38":{"start":{"line":140,"column":10},"end":{"line":140,"column":null}},"39":{"start":{"line":142,"column":28},"end":{"line":148,"column":null}},"40":{"start":{"line":150,"column":26},"end":{"line":150,"column":null}},"41":{"start":{"line":150,"column":47},"end":{"line":150,"column":62}},"42":{"start":{"line":151,"column":4},"end":{"line":151,"column":null}},"43":{"start":{"line":152,"column":4},"end":{"line":152,"column":null}},"44":{"start":{"line":154,"column":4},"end":{"line":154,"column":null}},"45":{"start":{"line":164,"column":19},"end":{"line":164,"column":null}},"46":{"start":{"line":165,"column":18},"end":{"line":165,"column":null}},"47":{"start":{"line":165,"column":42},"end":{"line":165,"column":57}},"48":{"start":{"line":167,"column":4},"end":{"line":169,"column":null}},"49":{"start":{"line":168,"column":6},"end":{"line":168,"column":null}},"50":{"start":{"line":171,"column":4},"end":{"line":171,"column":null}},"51":{"start":{"line":172,"column":4},"end":{"line":172,"column":null}},"52":{"start":{"line":182,"column":4},"end":{"line":182,"column":null}},"53":{"start":{"line":192,"column":19},"end":{"line":192,"column":null}},"54":{"start":{"line":193,"column":4},"end":{"line":193,"column":null}},"55":{"start":{"line":193,"column":30},"end":{"line":193,"column":45}},"56":{"start":{"line":203,"column":23},"end":{"line":203,"column":null}}},"fnMap":{"0":{"name":"isValidDirectory","decl":{"start":{"line":58,"column":15},"end":{"line":58,"column":32}},"loc":{"start":{"line":58,"column":64},"end":{"line":65,"column":null}}},"1":{"name":"meshHubExists","decl":{"start":{"line":67,"column":15},"end":{"line":67,"column":29}},"loc":{"start":{"line":67,"column":61},"end":{"line":75,"column":null}}},"2":{"name":"createMeshHub","decl":{"start":{"line":77,"column":15},"end":{"line":77,"column":29}},"loc":{"start":{"line":77,"column":58},"end":{"line":80,"column":null}}},"3":{"name":"countRomFiles","decl":{"start":{"line":82,"column":15},"end":{"line":82,"column":29}},"loc":{"start":{"line":82,"column":60},"end":{"line":106,"column":null}}},"4":{"name":"scanDirectory","decl":{"start":{"line":85,"column":19},"end":{"line":85,"column":33}},"loc":{"start":{"line":85,"column":50},"end":{"line":100,"column":null}}},"5":{"name":"(anonymous_5)","decl":{"start":{"line":121,"column":2},"end":{"line":121,"column":8}},"loc":{"start":{"line":121,"column":44},"end":{"line":155,"column":null}}},"6":{"name":"(anonymous_6)","decl":{"start":{"line":127,"column":33},"end":{"line":127,"column":34}},"loc":{"start":{"line":127,"column":40},"end":{"line":127,"column":55}}},"7":{"name":"(anonymous_7)","decl":{"start":{"line":150,"column":40},"end":{"line":150,"column":41}},"loc":{"start":{"line":150,"column":47},"end":{"line":150,"column":62}}},"8":{"name":"(anonymous_8)","decl":{"start":{"line":163,"column":2},"end":{"line":163,"column":8}},"loc":{"start":{"line":163,"column":45},"end":{"line":173,"column":null}}},"9":{"name":"(anonymous_9)","decl":{"start":{"line":165,"column":35},"end":{"line":165,"column":36}},"loc":{"start":{"line":165,"column":42},"end":{"line":165,"column":57}}},"10":{"name":"(anonymous_10)","decl":{"start":{"line":181,"column":2},"end":{"line":181,"column":8}},"loc":{"start":{"line":181,"column":39},"end":{"line":183,"column":null}}},"11":{"name":"(anonymous_11)","decl":{"start":{"line":191,"column":2},"end":{"line":191,"column":8}},"loc":{"start":{"line":191,"column":54},"end":{"line":194,"column":null}}},"12":{"name":"(anonymous_12)","decl":{"start":{"line":193,"column":23},"end":{"line":193,"column":24}},"loc":{"start":{"line":193,"column":30},"end":{"line":193,"column":45}}}},"branchMap":{"0":{"loc":{"start":{"line":89,"column":8},"end":{"line":98,"column":null}},"type":"if","locations":[{"start":{"line":89,"column":8},"end":{"line":98,"column":null}},{"start":{"line":96,"column":8},"end":{"line":98,"column":null}}]},"1":{"loc":{"start":{"line":93,"column":10},"end":{"line":95,"column":null}},"type":"if","locations":[{"start":{"line":93,"column":10},"end":{"line":95,"column":null}},{"start":{},"end":{}}]},"2":{"loc":{"start":{"line":96,"column":8},"end":{"line":98,"column":null}},"type":"if","locations":[{"start":{"line":96,"column":8},"end":{"line":98,"column":null}},{"start":{},"end":{}}]},"3":{"loc":{"start":{"line":122,"column":4},"end":{"line":124,"column":null}},"type":"if","locations":[{"start":{"line":122,"column":4},"end":{"line":124,"column":null}},{"start":{},"end":{}}]},"4":{"loc":{"start":{"line":128,"column":4},"end":{"line":132,"column":null}},"type":"if","locations":[{"start":{"line":128,"column":4},"end":{"line":132,"column":null}},{"start":{},"end":{}}]},"5":{"loc":{"start":{"line":129,"column":6},"end":{"line":131,"column":null}},"type":"if","locations":[{"start":{"line":129,"column":6},"end":{"line":131,"column":null}},{"start":{},"end":{}}]},"6":{"loc":{"start":{"line":135,"column":4},"end":{"line":137,"column":null}},"type":"if","locations":[{"start":{"line":135,"column":4},"end":{"line":137,"column":null}},{"start":{},"end":{}}]},"7":{"loc":{"start":{"line":167,"column":4},"end":{"line":169,"column":null}},"type":"if","locations":[{"start":{"line":167,"column":4},"end":{"line":169,"column":null}},{"start":{},"end":{}}]},"8":{"loc":{"start":{"line":193,"column":11},"end":{"line":193,"column":null}},"type":"binary-expr","locations":[{"start":{"line":193,"column":11},"end":{"line":193,"column":50}},{"start":{"line":193,"column":50},"end":{"line":193,"column":null}}]}},"s":{"0":1,"1":6,"2":6,"3":5,"4":1,"5":4,"6":4,"7":4,"8":1,"9":3,"10":3,"11":3,"12":4,"13":4,"14":5,"15":5,"16":3,"17":3,"18":2,"19":2,"20":2,"21":1,"22":1,"23":4,"24":1,"25":3,"26":6,"27":1,"28":5,"29":5,"30":2,"31":5,"32":2,"33":1,"34":4,"35":4,"36":3,"37":4,"38":4,"39":4,"40":4,"41":1,"42":4,"43":4,"44":4,"45":2,"46":2,"47":1,"48":2,"49":1,"50":1,"51":1,"52":1,"53":2,"54":2,"55":1,"56":1},"f":{"0":6,"1":4,"2":3,"3":4,"4":5,"5":6,"6":2,"7":1,"8":2,"9":1,"10":1,"11":2,"12":1},"b":{"0":[2,1],"1":[2,0],"2":[1,0],"3":[1,5],"4":[2,3],"5":[1,1],"6":[3,1],"7":[1,1],"8":[2,1]}}
,"C:/ag-workspace/mesh-arkade/src/core/environment.ts": {"path":"C:/ag-workspace/mesh-arkade/src/core/environment.ts","statementMap":{"0":{"start":{"line":51,"column":15},"end":{"line":51,"column":null}},"1":{"start":{"line":52,"column":14},"end":{"line":52,"column":null}},"2":{"start":{"line":53,"column":16},"end":{"line":53,"column":null}},"3":{"start":{"line":55,"column":18},"end":{"line":55,"column":null}},"4":{"start":{"line":55,"column":36},"end":{"line":55,"column":null}},"5":{"start":{"line":57,"column":21},"end":{"line":57,"column":null}},"6":{"start":{"line":58,"column":18},"end":{"line":58,"column":null}},"7":{"start":{"line":59,"column":16},"end":{"line":59,"column":null}},"8":{"start":{"line":61,"column":34},"end":{"line":61,"column":null}},"9":{"start":{"line":62,"column":2},"end":{"line":68,"column":null}},"10":{"start":{"line":63,"column":4},"end":{"line":63,"column":null}},"11":{"start":{"line":64,"column":2},"end":{"line":68,"column":null}},"12":{"start":{"line":65,"column":4},"end":{"line":65,"column":null}},"13":{"start":{"line":66,"column":2},"end":{"line":68,"column":null}},"14":{"start":{"line":67,"column":4},"end":{"line":67,"column":null}},"15":{"start":{"line":70,"column":2},"end":{"line":78,"column":null}}},"fnMap":{"0":{"name":"detectEnvironment","decl":{"start":{"line":50,"column":16},"end":{"line":50,"column":49}},"loc":{"start":{"line":50,"column":49},"end":{"line":79,"column":null}}},"1":{"name":"(anonymous_1)","decl":{"start":{"line":55,"column":18},"end":{"line":55,"column":19}},"loc":{"start":{"line":55,"column":36},"end":{"line":55,"column":null}}}},"branchMap":{"0":{"loc":{"start":{"line":51,"column":15},"end":{"line":51,"column":null}},"type":"binary-expr","locations":[{"start":{"line":51,"column":15},"end":{"line":51,"column":45}},{"start":{"line":51,"column":45},"end":{"line":51,"column":null}}]},"1":{"loc":{"start":{"line":52,"column":14},"end":{"line":52,"column":null}},"type":"binary-expr","locations":[{"start":{"line":52,"column":14},"end":{"line":52,"column":43}},{"start":{"line":52,"column":43},"end":{"line":52,"column":null}}]},"2":{"loc":{"start":{"line":53,"column":16},"end":{"line":53,"column":null}},"type":"binary-expr","locations":[{"start":{"line":53,"column":16},"end":{"line":53,"column":45}},{"start":{"line":53,"column":45},"end":{"line":53,"column":null}}]},"3":{"loc":{"start":{"line":57,"column":21},"end":{"line":57,"column":null}},"type":"binary-expr","locations":[{"start":{"line":57,"column":21},"end":{"line":57,"column":42}},{"start":{"line":57,"column":42},"end":{"line":57,"column":null}}]},"4":{"loc":{"start":{"line":59,"column":16},"end":{"line":59,"column":null}},"type":"binary-expr","locations":[{"start":{"line":59,"column":16},"end":{"line":59,"column":31}},{"start":{"line":59,"column":31},"end":{"line":59,"column":null}}]},"5":{"loc":{"start":{"line":62,"column":2},"end":{"line":68,"column":null}},"type":"if","locations":[{"start":{"line":62,"column":2},"end":{"line":68,"column":null}},{"start":{"line":64,"column":2},"end":{"line":68,"column":null}}]},"6":{"loc":{"start":{"line":64,"column":2},"end":{"line":68,"column":null}},"type":"if","locations":[{"start":{"line":64,"column":2},"end":{"line":68,"column":null}},{"start":{"line":66,"column":2},"end":{"line":68,"column":null}}]},"7":{"loc":{"start":{"line":66,"column":2},"end":{"line":68,"column":null}},"type":"if","locations":[{"start":{"line":66,"column":2},"end":{"line":68,"column":null}},{"start":{},"end":{}}]}},"s":{"0":4,"1":4,"2":4,"3":4,"4":22,"5":4,"6":4,"7":4,"8":4,"9":4,"10":1,"11":3,"12":0,"13":3,"14":1,"15":4},"f":{"0":4,"1":22},"b":{"0":[4,1],"1":[4,1],"2":[4,1],"3":[4,4],"4":[4,3],"5":[1,3],"6":[0,3],"7":[1,2]}}
,"C:/ag-workspace/mesh-arkade/src/core/hub.ts": {"path":"C:/ag-workspace/mesh-arkade/src/core/hub.ts","statementMap":{"0":{"start":{"line":68,"column":44},"end":{"line":68,"column":null}},"1":{"start":{"line":69,"column":30},"end":{"line":69,"column":null}},"2":{"start":{"line":70,"column":39},"end":{"line":70,"column":null}},"3":{"start":{"line":71,"column":40},"end":{"line":71,"column":null}},"4":{"start":{"line":74,"column":4},"end":{"line":74,"column":null}},"5":{"start":{"line":84,"column":4},"end":{"line":86,"column":null}},"6":{"start":{"line":85,"column":6},"end":{"line":85,"column":null}},"7":{"start":{"line":87,"column":4},"end":{"line":87,"column":null}},"8":{"start":{"line":97,"column":4},"end":{"line":101,"column":null}},"9":{"start":{"line":108,"column":4},"end":{"line":108,"column":null}},"10":{"start":{"line":115,"column":4},"end":{"line":115,"column":null}},"11":{"start":{"line":125,"column":4},"end":{"line":127,"column":null}},"12":{"start":{"line":126,"column":6},"end":{"line":126,"column":null}},"13":{"start":{"line":129,"column":4},"end":{"line":129,"column":null}},"14":{"start":{"line":130,"column":4},"end":{"line":130,"column":null}},"15":{"start":{"line":132,"column":4},"end":{"line":132,"column":null}},"16":{"start":{"line":142,"column":4},"end":{"line":144,"column":null}},"17":{"start":{"line":143,"column":6},"end":{"line":143,"column":null}},"18":{"start":{"line":146,"column":4},"end":{"line":146,"column":null}},"19":{"start":{"line":147,"column":4},"end":{"line":147,"column":null}},"20":{"start":{"line":158,"column":6},"end":{"line":158,"column":null}},"21":{"start":{"line":159,"column":4},"end":{"line":161,"column":null}},"22":{"start":{"line":160,"column":6},"end":{"line":160,"column":null}},"23":{"start":{"line":162,"column":4},"end":{"line":162,"column":null}},"24":{"start":{"line":172,"column":22},"end":{"line":172,"column":null}},"25":{"start":{"line":173,"column":4},"end":{"line":173,"column":null}},"26":{"start":{"line":179,"column":4},"end":{"line":181,"column":null}},"27":{"start":{"line":180,"column":6},"end":{"line":180,"column":null}},"28":{"start":{"line":182,"column":21},"end":{"line":182,"column":null}},"29":{"start":{"line":183,"column":4},"end":{"line":185,"column":null}},"30":{"start":{"line":184,"column":6},"end":{"line":184,"column":null}},"31":{"start":{"line":186,"column":4},"end":{"line":186,"column":null}},"32":{"start":{"line":192,"column":4},"end":{"line":194,"column":null}},"33":{"start":{"line":193,"column":6},"end":{"line":193,"column":null}},"34":{"start":{"line":195,"column":21},"end":{"line":195,"column":null}},"35":{"start":{"line":196,"column":4},"end":{"line":198,"column":null}},"36":{"start":{"line":197,"column":6},"end":{"line":197,"column":null}},"37":{"start":{"line":199,"column":4},"end":{"line":199,"column":null}},"38":{"start":{"line":200,"column":4},"end":{"line":200,"column":null}},"39":{"start":{"line":206,"column":4},"end":{"line":206,"column":null}},"40":{"start":{"line":216,"column":35},"end":{"line":216,"column":null}},"41":{"start":{"line":218,"column":4},"end":{"line":250,"column":null}},"42":{"start":{"line":221,"column":6},"end":{"line":239,"column":null}},"43":{"start":{"line":223,"column":10},"end":{"line":223,"column":null}},"44":{"start":{"line":224,"column":10},"end":{"line":224,"column":null}},"45":{"start":{"line":226,"column":10},"end":{"line":226,"column":null}},"46":{"start":{"line":227,"column":10},"end":{"line":227,"column":null}},"47":{"start":{"line":229,"column":10},"end":{"line":229,"column":null}},"48":{"start":{"line":230,"column":10},"end":{"line":230,"column":null}},"49":{"start":{"line":232,"column":10},"end":{"line":232,"column":null}},"50":{"start":{"line":233,"column":10},"end":{"line":233,"column":null}},"51":{"start":{"line":235,"column":10},"end":{"line":235,"column":null}},"52":{"start":{"line":236,"column":10},"end":{"line":236,"column":null}},"53":{"start":{"line":238,"column":10},"end":{"line":238,"column":null}},"54":{"start":{"line":241,"column":6},"end":{"line":241,"column":null}},"55":{"start":{"line":243,"column":6},"end":{"line":249,"column":null}},"56":{"start":{"line":260,"column":19},"end":{"line":260,"column":null}}},"fnMap":{"0":{"name":"(anonymous_0)","decl":{"start":{"line":73,"column":2},"end":{"line":73,"column":9}},"loc":{"start":{"line":73,"column":31},"end":{"line":75,"column":null}}},"1":{"name":"(anonymous_1)","decl":{"start":{"line":83,"column":2},"end":{"line":83,"column":9}},"loc":{"start":{"line":83,"column":32},"end":{"line":88,"column":null}}},"2":{"name":"(anonymous_2)","decl":{"start":{"line":96,"column":2},"end":{"line":96,"column":25}},"loc":{"start":{"line":96,"column":25},"end":{"line":102,"column":null}}},"3":{"name":"(anonymous_3)","decl":{"start":{"line":107,"column":2},"end":{"line":107,"column":33}},"loc":{"start":{"line":107,"column":33},"end":{"line":109,"column":null}}},"4":{"name":"(anonymous_4)","decl":{"start":{"line":114,"column":2},"end":{"line":114,"column":34}},"loc":{"start":{"line":114,"column":34},"end":{"line":116,"column":null}}},"5":{"name":"(anonymous_5)","decl":{"start":{"line":124,"column":2},"end":{"line":124,"column":8}},"loc":{"start":{"line":124,"column":31},"end":{"line":133,"column":null}}},"6":{"name":"(anonymous_6)","decl":{"start":{"line":141,"column":2},"end":{"line":141,"column":8}},"loc":{"start":{"line":141,"column":30},"end":{"line":148,"column":null}}},"7":{"name":"(anonymous_7)","decl":{"start":{"line":156,"column":10},"end":{"line":156,"column":39}},"loc":{"start":{"line":156,"column":39},"end":{"line":163,"column":null}}},"8":{"name":"(anonymous_8)","decl":{"start":{"line":171,"column":10},"end":{"line":171,"column":34}},"loc":{"start":{"line":171,"column":63},"end":{"line":174,"column":null}}},"9":{"name":"(anonymous_9)","decl":{"start":{"line":176,"column":2},"end":{"line":176,"column":16}},"loc":{"start":{"line":178,"column":20},"end":{"line":187,"column":null}}},"10":{"name":"(anonymous_10)","decl":{"start":{"line":189,"column":2},"end":{"line":189,"column":16}},"loc":{"start":{"line":191,"column":35},"end":{"line":201,"column":null}}},"11":{"name":"(anonymous_11)","decl":{"start":{"line":203,"column":2},"end":{"line":203,"column":16}},"loc":{"start":{"line":205,"column":22},"end":{"line":207,"column":null}}},"12":{"name":"(anonymous_12)","decl":{"start":{"line":215,"column":2},"end":{"line":215,"column":8}},"loc":{"start":{"line":215,"column":65},"end":{"line":251,"column":null}}}},"branchMap":{"0":{"loc":{"start":{"line":84,"column":4},"end":{"line":86,"column":null}},"type":"if","locations":[{"start":{"line":84,"column":4},"end":{"line":86,"column":null}},{"start":{},"end":{}}]},"1":{"loc":{"start":{"line":125,"column":4},"end":{"line":127,"column":null}},"type":"if","locations":[{"start":{"line":125,"column":4},"end":{"line":127,"column":null}},{"start":{},"end":{}}]},"2":{"loc":{"start":{"line":142,"column":4},"end":{"line":144,"column":null}},"type":"if","locations":[{"start":{"line":142,"column":4},"end":{"line":144,"column":null}},{"start":{},"end":{}}]},"3":{"loc":{"start":{"line":158,"column":6},"end":{"line":158,"column":null}},"type":"cond-expr","locations":[{"start":{"line":158,"column":37},"end":{"line":158,"column":71}},{"start":{"line":158,"column":71},"end":{"line":158,"column":null}}]},"4":{"loc":{"start":{"line":159,"column":4},"end":{"line":161,"column":null}},"type":"if","locations":[{"start":{"line":159,"column":4},"end":{"line":161,"column":null}},{"start":{},"end":{}}]},"5":{"loc":{"start":{"line":172,"column":22},"end":{"line":172,"column":null}},"type":"cond-expr","locations":[{"start":{"line":172,"column":50},"end":{"line":172,"column":57}},{"start":{"line":172,"column":57},"end":{"line":172,"column":null}}]},"6":{"loc":{"start":{"line":179,"column":4},"end":{"line":181,"column":null}},"type":"if","locations":[{"start":{"line":179,"column":4},"end":{"line":181,"column":null}},{"start":{},"end":{}}]},"7":{"loc":{"start":{"line":179,"column":8},"end":{"line":179,"column":47}},"type":"binary-expr","locations":[{"start":{"line":179,"column":8},"end":{"line":179,"column":19}},{"start":{"line":179,"column":19},"end":{"line":179,"column":47}}]},"8":{"loc":{"start":{"line":183,"column":4},"end":{"line":185,"column":null}},"type":"if","locations":[{"start":{"line":183,"column":4},"end":{"line":185,"column":null}},{"start":{},"end":{}}]},"9":{"loc":{"start":{"line":192,"column":4},"end":{"line":194,"column":null}},"type":"if","locations":[{"start":{"line":192,"column":4},"end":{"line":194,"column":null}},{"start":{},"end":{}}]},"10":{"loc":{"start":{"line":192,"column":8},"end":{"line":192,"column":47}},"type":"binary-expr","locations":[{"start":{"line":192,"column":8},"end":{"line":192,"column":19}},{"start":{"line":192,"column":19},"end":{"line":192,"column":47}}]},"11":{"loc":{"start":{"line":196,"column":4},"end":{"line":198,"column":null}},"type":"if","locations":[{"start":{"line":196,"column":4},"end":{"line":198,"column":null}},{"start":{},"end":{}}]},"12":{"loc":{"start":{"line":221,"column":6},"end":{"line":239,"column":null}},"type":"switch","locations":[{"start":{"line":222,"column":8},"end":{"line":224,"column":null}},{"start":{"line":225,"column":8},"end":{"line":227,"column":null}},{"start":{"line":228,"column":8},"end":{"line":230,"column":null}},{"start":{"line":231,"column":8},"end":{"line":233,"column":null}},{"start":{"line":234,"column":8},"end":{"line":236,"column":null}},{"start":{"line":237,"column":8},"end":{"line":238,"column":null}}]},"13":{"loc":{"start":{"line":246,"column":19},"end":{"line":246,"column":null}},"type":"cond-expr","locations":[{"start":{"line":246,"column":44},"end":{"line":246,"column":60}},{"start":{"line":246,"column":60},"end":{"line":246,"column":null}}]}},"s":{"0":1,"1":6,"2":6,"3":6,"4":20,"5":6,"6":6,"7":6,"8":3,"9":2,"10":2,"11":6,"12":1,"13":5,"14":5,"15":5,"16":2,"17":1,"18":1,"19":1,"20":5,"21":5,"22":4,"23":1,"24":5,"25":5,"26":3,"27":0,"28":3,"29":3,"30":1,"31":2,"32":3,"33":0,"34":3,"35":3,"36":1,"37":2,"38":1,"39":2,"40":11,"41":11,"42":11,"43":1,"44":1,"45":1,"46":1,"47":3,"48":1,"49":3,"50":1,"51":2,"52":2,"53":1,"54":6,"55":5,"56":1},"f":{"0":20,"1":6,"2":3,"3":2,"4":2,"5":6,"6":2,"7":5,"8":5,"9":3,"10":3,"11":2,"12":11},"b":{"0":[6,0],"1":[1,5],"2":[1,1],"3":[5,0],"4":[4,1],"5":[1,4],"6":[0,3],"7":[3,3],"8":[1,2],"9":[0,3],"10":[3,3],"11":[1,2],"12":[1,1,3,3,2,1],"13":[5,0]}}
,"C:/ag-workspace/mesh-arkade/src/core/storage.ts": {"path":"C:/ag-workspace/mesh-arkade/src/core/storage.ts","statementMap":{"0":{"start":{"line":16,"column":28},"end":{"line":16,"column":null}},"1":{"start":{"line":23,"column":27},"end":{"line":23,"column":null}},"2":{"start":{"line":34,"column":4},"end":{"line":34,"column":null}},"3":{"start":{"line":35,"column":2},"end":{"line":37,"column":null}},"4":{"start":{"line":36,"column":4},"end":{"line":36,"column":null}},"5":{"start":{"line":38,"column":2},"end":{"line":38,"column":null}},"6":{"start":{"line":48,"column":22},"end":{"line":48,"column":null}},"7":{"start":{"line":50,"column":2},"end":{"line":52,"column":null}},"8":{"start":{"line":51,"column":4},"end":{"line":51,"column":null}},"9":{"start":{"line":54,"column":2},"end":{"line":54,"column":null}},"10":{"start":{"line":64,"column":22},"end":{"line":64,"column":null}},"11":{"start":{"line":65,"column":2},"end":{"line":65,"column":null}},"12":{"start":{"line":75,"column":2},"end":{"line":81,"column":null}},"13":{"start":{"line":76,"column":23},"end":{"line":76,"column":null}},"14":{"start":{"line":77,"column":17},"end":{"line":77,"column":null}},"15":{"start":{"line":78,"column":4},"end":{"line":78,"column":null}},"16":{"start":{"line":80,"column":4},"end":{"line":80,"column":null}},"17":{"start":{"line":91,"column":21},"end":{"line":91,"column":null}},"18":{"start":{"line":92,"column":14},"end":{"line":92,"column":null}},"19":{"start":{"line":94,"column":2},"end":{"line":96,"column":null}},"20":{"start":{"line":95,"column":4},"end":{"line":95,"column":null}},"21":{"start":{"line":98,"column":2},"end":{"line":98,"column":null}},"22":{"start":{"line":118,"column":7},"end":{"line":118,"column":null}},"23":{"start":{"line":119,"column":2},"end":{"line":119,"column":null}},"24":{"start":{"line":120,"column":2},"end":{"line":120,"column":null}},"25":{"start":{"line":121,"column":2},"end":{"line":121,"column":null}},"26":{"start":{"line":118,"column":12},"end":{"line":118,"column":null}},"27":{"start":{"line":131,"column":2},"end":{"line":137,"column":null}},"28":{"start":{"line":132,"column":23},"end":{"line":132,"column":null}},"29":{"start":{"line":133,"column":4},"end":{"line":133,"column":null}},"30":{"start":{"line":134,"column":4},"end":{"line":134,"column":null}},"31":{"start":{"line":136,"column":4},"end":{"line":136,"column":null}}},"fnMap":{"0":{"name":"getStoragePath","decl":{"start":{"line":32,"column":9},"end":{"line":32,"column":34}},"loc":{"start":{"line":32,"column":34},"end":{"line":39,"column":null}}},"1":{"name":"ensureStorageDir","decl":{"start":{"line":47,"column":22},"end":{"line":47,"column":58}},"loc":{"start":{"line":47,"column":58},"end":{"line":55,"column":null}}},"2":{"name":"getMountsFilePath","decl":{"start":{"line":63,"column":22},"end":{"line":63,"column":59}},"loc":{"start":{"line":63,"column":59},"end":{"line":66,"column":null}}},"3":{"name":"loadMounts","decl":{"start":{"line":74,"column":22},"end":{"line":74,"column":53}},"loc":{"start":{"line":74,"column":53},"end":{"line":82,"column":null}}},"4":{"name":"saveMounts","decl":{"start":{"line":90,"column":22},"end":{"line":90,"column":33}},"loc":{"start":{"line":90,"column":65},"end":{"line":99,"column":null}}},"5":{"name":"(anonymous_5)","decl":{"start":{"line":118,"column":7},"end":{"line":118,"column":12}},"loc":{"start":{"line":118,"column":7},"end":{"line":118,"column":null}}},"6":{"name":"mountsFileExists","decl":{"start":{"line":130,"column":22},"end":{"line":130,"column":59}},"loc":{"start":{"line":130,"column":59},"end":{"line":138,"column":null}}}},"branchMap":{"0":{"loc":{"start":{"line":34,"column":4},"end":{"line":34,"column":null}},"type":"cond-expr","locations":[{"start":{"line":34,"column":35},"end":{"line":34,"column":69}},{"start":{"line":34,"column":69},"end":{"line":34,"column":null}}]},"1":{"loc":{"start":{"line":35,"column":2},"end":{"line":37,"column":null}},"type":"if","locations":[{"start":{"line":35,"column":2},"end":{"line":37,"column":null}},{"start":{},"end":{}}]},"2":{"loc":{"start":{"line":50,"column":2},"end":{"line":52,"column":null}},"type":"if","locations":[{"start":{"line":50,"column":2},"end":{"line":52,"column":null}},{"start":{},"end":{}}]},"3":{"loc":{"start":{"line":94,"column":2},"end":{"line":96,"column":null}},"type":"if","locations":[{"start":{"line":94,"column":2},"end":{"line":96,"column":null}},{"start":{},"end":{}}]},"4":{"loc":{"start":{"line":118,"column":12},"end":{"line":118,"column":null}},"type":"binary-expr","locations":[{"start":{"line":118,"column":12},"end":{"line":118,"column":null}},{"start":{"line":118,"column":12},"end":{"line":118,"column":null}}]}},"s":{"0":1,"1":1,"2":19,"3":19,"4":19,"5":0,"6":19,"7":19,"8":19,"9":19,"10":19,"11":19,"12":13,"13":13,"14":13,"15":12,"16":2,"17":6,"18":6,"19":6,"20":6,"21":6,"22":1,"23":1,"24":1,"25":1,"26":1,"27":0,"28":0,"29":0,"30":0,"31":0},"f":{"0":19,"1":19,"2":19,"3":13,"4":6,"5":1,"6":0},"b":{"0":[19,0],"1":[19,0],"2":[19,0],"3":[6,0],"4":[1,1]}}
,"C:/ag-workspace/mesh-arkade/src/lib/utils.ts": {"path":"C:/ag-workspace/mesh-arkade/src/lib/utils.ts","statementMap":{"0":{"start":{"line":11,"column":2},"end":{"line":11,"column":null}}},"fnMap":{"0":{"name":"cn","decl":{"start":{"line":10,"column":16},"end":{"line":10,"column":22}},"loc":{"start":{"line":10,"column":44},"end":{"line":12,"column":null}}}},"branchMap":{},"s":{"0":10},"f":{"0":10},"b":{}}
}
